# JRE version: OpenJDK Runtime Environment Temurin-21.0.9+10 (21.0.9+10) (build 21.0.9+10-LTS)
# Java VM: OpenJDK 64-Bit Server VM Temurin-21.0.9+10 (21.0.9+10-LTS, mixed mode, sharing, tiered, compressed oops, compressed class ptrs, parallel gc, windows-amd64)
GC Precious Log:
 CardTable entry size: 512
 CPUs: 4 total, 4 available
 Memory: 7538M
 Large Page Support: Disabled
 NUMA Support: Disabled
 Compressed Oops: Enabled (32-bit)
 Alignments: Space 512K, Generation 512K, Heap 2M
 Heap Min Capacity: 100M
 Heap Initial Capacity: 100M
 Heap Max Capacity: 2G
 Pre-touch: Disabled
 Parallel Workers: 4
Heap:
 PSYoungGen      total 10752K, used 8785K [0x00000000d5580000, 0x00000000d6680000, 0x0000000100000000)
  eden space 10240K, 81% used [0x00000000d5580000,0x00000000d5d9a940,0x00000000d5f80000)
  from space 512K, 95% used [0x00000000d6000000,0x00000000d6079b88,0x00000000d6080000)
  to   space 3584K, 0% used [0x00000000d6300000,0x00000000d6300000,0x00000000d6680000)
 ParOldGen       total 849920K, used 849566K [0x0000000080000000, 0x00000000b3e00000, 0x00000000d5580000)
  object space 849920K, 99% used [0x0000000080000000,0x00000000b3da7860,0x00000000b3e00000)
 Metaspace       used 74219K, committed 75840K, reserved 1179648K
  class space    used 7924K, committed 8576K, reserved 1048576K
GC Heap History (20 events):
Event: 193.850 GC heap before
{Heap before GC invocations=989 (full 3):
 PSYoungGen      total 11264K, used 10474K [0x00000000d5580000, 0x00000000d6100000, 0x0000000100000000)
  eden space 10240K, 99% used [0x00000000d5580000,0x00000000d5f76188,0x00000000d5f80000)
  from space 1024K, 26% used [0x00000000d5f80000,0x00000000d5fc49b8,0x00000000d6080000)
  to   space 512K, 0% used [0x00000000d6080000,0x00000000d6080000,0x00000000d6100000)
 ParOldGen       total 845824K, used 845345K [0x0000000080000000, 0x00000000b3a00000, 0x00000000d5580000)
  object space 845824K, 99% used [0x0000000080000000,0x00000000b3988408,0x00000000b3a00000)
 Metaspace       used 74103K, committed 75648K, reserved 1179648K
  class space    used 7906K, committed 8512K, reserved 1048576K
}
Event: 193.852 GC heap after
{Heap after GC invocations=989 (full 3):
 PSYoungGen      total 10752K, used 489K [0x00000000d5580000, 0x00000000d6180000, 0x0000000100000000)
  eden space 10240K, 0% used [0x00000000d5580000,0x00000000d5580000,0x00000000d5f80000)
  from space 512K, 95% used [0x00000000d6080000,0x00000000d60fa630,0x00000000d6100000)
  to   space 1024K, 0% used [0x00000000d5f80000,0x00000000d5f80000,0x00000000d6080000)
 ParOldGen       total 845824K, used 845551K [0x0000000080000000, 0x00000000b3a00000, 0x00000000d5580000)
  object space 845824K, 99% used [0x0000000080000000,0x00000000b39bbeb0,0x00000000b3a00000)
 Metaspace       used 74103K, committed 75648K, reserved 1179648K
  class space    used 7906K, committed 8512K, reserved 1048576K
}
Event: 193.914 GC heap before
{Heap before GC invocations=990 (full 3):
 PSYoungGen      total 10752K, used 10729K [0x00000000d5580000, 0x00000000d6180000, 0x0000000100000000)
  eden space 10240K, 100% used [0x00000000d5580000,0x00000000d5f80000,0x00000000d5f80000)
  from space 512K, 95% used [0x00000000d6080000,0x00000000d60fa630,0x00000000d6100000)
  to   space 1024K, 0% used [0x00000000d5f80000,0x00000000d5f80000,0x00000000d6080000)
 ParOldGen       total 845824K, used 845551K [0x0000000080000000, 0x00000000b3a00000, 0x00000000d5580000)
  object space 845824K, 99% used [0x0000000080000000,0x00000000b39bbeb0,0x00000000b3a00000)
 Metaspace       used 74104K, committed 75648K, reserved 1179648K
  class space    used 7906K, committed 8512K, reserved 1048576K
}
Event: 193.916 GC heap after
{Heap after GC invocations=990 (full 3):
 PSYoungGen      total 11264K, used 527K [0x00000000d5580000, 0x00000000d6180000, 0x0000000100000000)
  eden space 10240K, 0% used [0x00000000d5580000,0x00000000d5580000,0x00000000d5f80000)
  from space 1024K, 51% used [0x00000000d5f80000,0x00000000d6003e48,0x00000000d6080000)
  to   space 1024K, 0% used [0x00000000d6080000,0x00000000d6080000,0x00000000d6180000)
 ParOldGen       total 846336K, used 846010K [0x0000000080000000, 0x00000000b3a80000, 0x00000000d5580000)
  object space 846336K, 99% used [0x0000000080000000,0x00000000b3a2ebd8,0x00000000b3a80000)
 Metaspace       used 74104K, committed 75648K, reserved 1179648K
  class space    used 7906K, committed 8512K, reserved 1048576K
}
Event: 193.959 GC heap before
{Heap before GC invocations=991 (full 3):
 PSYoungGen      total 11264K, used 10767K [0x00000000d5580000, 0x00000000d6180000, 0x0000000100000000)
  eden space 10240K, 100% used [0x00000000d5580000,0x00000000d5f80000,0x00000000d5f80000)
  from space 1024K, 51% used [0x00000000d5f80000,0x00000000d6003e48,0x00000000d6080000)
  to   space 1024K, 0% used [0x00000000d6080000,0x00000000d6080000,0x00000000d6180000)
 ParOldGen       total 846336K, used 846010K [0x0000000080000000, 0x00000000b3a80000, 0x00000000d5580000)
  object space 846336K, 99% used [0x0000000080000000,0x00000000b3a2ebd8,0x00000000b3a80000)
 Metaspace       used 74104K, committed 75648K, reserved 1179648K
  class space    used 7906K, committed 8512K, reserved 1048576K
}
Event: 193.961 GC heap after
{Heap after GC invocations=991 (full 3):
 PSYoungGen      total 10752K, used 224K [0x00000000d5580000, 0x00000000d6100000, 0x0000000100000000)
  eden space 10240K, 0% used [0x00000000d5580000,0x00000000d5580000,0x00000000d5f80000)
  from space 512K, 43% used [0x00000000d6080000,0x00000000d60b8000,0x00000000d6100000)
  to   space 512K, 0% used [0x00000000d6000000,0x00000000d6000000,0x00000000d6080000)
 ParOldGen       total 846848K, used 846353K [0x0000000080000000, 0x00000000b3b00000, 0x00000000d5580000)
  object space 846848K, 99% used [0x0000000080000000,0x00000000b3a84620,0x00000000b3b00000)
 Metaspace       used 74104K, committed 75648K, reserved 1179648K
  class space    used 7906K, committed 8512K, reserved 1048576K
}
Event: 194.007 GC heap before
{Heap before GC invocations=992 (full 3):
 PSYoungGen      total 10752K, used 10464K [0x00000000d5580000, 0x00000000d6100000, 0x0000000100000000)
  eden space 10240K, 100% used [0x00000000d5580000,0x00000000d5f80000,0x00000000d5f80000)
  from space 512K, 43% used [0x00000000d6080000,0x00000000d60b8000,0x00000000d6100000)
  to   space 512K, 0% used [0x00000000d6000000,0x00000000d6000000,0x00000000d6080000)
 ParOldGen       total 846848K, used 846353K [0x0000000080000000, 0x00000000b3b00000, 0x00000000d5580000)
  object space 846848K, 99% used [0x0000000080000000,0x00000000b3a84620,0x00000000b3b00000)
 Metaspace       used 74104K, committed 75648K, reserved 1179648K
  class space    used 7906K, committed 8512K, reserved 1048576K
}
Event: 194.010 GC heap after
{Heap after GC invocations=992 (full 3):
 PSYoungGen      total 10752K, used 160K [0x00000000d5580000, 0x00000000d6100000, 0x0000000100000000)
  eden space 10240K, 0% used [0x00000000d5580000,0x00000000d5580000,0x00000000d5f80000)
  from space 512K, 31% used [0x00000000d6000000,0x00000000d6028000,0x00000000d6080000)
  to   space 512K, 0% used [0x00000000d6080000,0x00000000d6080000,0x00000000d6100000)
 ParOldGen       total 846848K, used 846465K [0x0000000080000000, 0x00000000b3b00000, 0x00000000d5580000)
  object space 846848K, 99% used [0x0000000080000000,0x00000000b3aa06d0,0x00000000b3b00000)
 Metaspace       used 74104K, committed 75648K, reserved 1179648K
  class space    used 7906K, committed 8512K, reserved 1048576K
}
Event: 194.069 GC heap before
{Heap before GC invocations=993 (full 3):
 PSYoungGen      total 10752K, used 10400K [0x00000000d5580000, 0x00000000d6100000, 0x0000000100000000)
  eden space 10240K, 100% used [0x00000000d5580000,0x00000000d5f80000,0x00000000d5f80000)
  from space 512K, 31% used [0x00000000d6000000,0x00000000d6028000,0x00000000d6080000)
  to   space 512K, 0% used [0x00000000d6080000,0x00000000d6080000,0x00000000d6100000)
 ParOldGen       total 846848K, used 846465K [0x0000000080000000, 0x00000000b3b00000, 0x00000000d5580000)
  object space 846848K, 99% used [0x0000000080000000,0x00000000b3aa06d0,0x00000000b3b00000)
 Metaspace       used 74105K, committed 75648K, reserved 1179648K
  class space    used 7906K, committed 8512K, reserved 1048576K
}
Event: 194.071 GC heap after
{Heap after GC invocations=993 (full 3):
 PSYoungGen      total 10752K, used 224K [0x00000000d5580000, 0x00000000d6100000, 0x0000000100000000)
  eden space 10240K, 0% used [0x00000000d5580000,0x00000000d5580000,0x00000000d5f80000)
  from space 512K, 43% used [0x00000000d6080000,0x00000000d60b8000,0x00000000d6100000)
  to   space 512K, 0% used [0x00000000d6000000,0x00000000d6000000,0x00000000d6080000)
 ParOldGen       total 846848K, used 846553K [0x0000000080000000, 0x00000000b3b00000, 0x00000000d5580000)
  object space 846848K, 99% used [0x0000000080000000,0x00000000b3ab66d0,0x00000000b3b00000)
 Metaspace       used 74105K, committed 75648K, reserved 1179648K
  class space    used 7906K, committed 8512K, reserved 1048576K
}
Event: 194.097 GC heap before
{Heap before GC invocations=994 (full 3):
 PSYoungGen      total 10752K, used 10464K [0x00000000d5580000, 0x00000000d6100000, 0x0000000100000000)
  eden space 10240K, 100% used [0x00000000d5580000,0x00000000d5f80000,0x00000000d5f80000)
  from space 512K, 43% used [0x00000000d6080000,0x00000000d60b8000,0x00000000d6100000)
  to   space 512K, 0% used [0x00000000d6000000,0x00000000d6000000,0x00000000d6080000)
 ParOldGen       total 846848K, used 846553K [0x0000000080000000, 0x00000000b3b00000, 0x00000000d5580000)
  object space 846848K, 99% used [0x0000000080000000,0x00000000b3ab66d0,0x00000000b3b00000)
 Metaspace       used 74105K, committed 75648K, reserved 1179648K
  class space    used 7906K, committed 8512K, reserved 1048576K
}
Event: 194.099 GC heap after
{Heap after GC invocations=994 (full 3):
 PSYoungGen      total 10752K, used 256K [0x00000000d5580000, 0x00000000d6100000, 0x0000000100000000)
  eden space 10240K, 0% used [0x00000000d5580000,0x00000000d5580000,0x00000000d5f80000)
  from space 512K, 50% used [0x00000000d6000000,0x00000000d6040000,0x00000000d6080000)
  to   space 512K, 0% used [0x00000000d6080000,0x00000000d6080000,0x00000000d6100000)
 ParOldGen       total 846848K, used 846726K [0x0000000080000000, 0x00000000b3b00000, 0x00000000d5580000)
  object space 846848K, 99% used [0x0000000080000000,0x00000000b3ae19d8,0x00000000b3b00000)
 Metaspace       used 74105K, committed 75648K, reserved 1179648K
  class space    used 7906K, committed 8512K, reserved 1048576K
}
Event: 194.147 GC heap before
{Heap before GC invocations=995 (full 3):
 PSYoungGen      total 10752K, used 10496K [0x00000000d5580000, 0x00000000d6100000, 0x0000000100000000)
  eden space 10240K, 100% used [0x00000000d5580000,0x00000000d5f80000,0x00000000d5f80000)
  from space 512K, 50% used [0x00000000d6000000,0x00000000d6040000,0x00000000d6080000)
  to   space 512K, 0% used [0x00000000d6080000,0x00000000d6080000,0x00000000d6100000)
 ParOldGen       total 846848K, used 846726K [0x0000000080000000, 0x00000000b3b00000, 0x00000000d5580000)
  object space 846848K, 99% used [0x0000000080000000,0x00000000b3ae19d8,0x00000000b3b00000)
 Metaspace       used 74105K, committed 75648K, reserved 1179648K
  class space    used 7906K, committed 8512K, reserved 1048576K
}
Event: 194.149 GC heap after
{Heap after GC invocations=995 (full 3):
 PSYoungGen      total 10752K, used 320K [0x00000000d5580000, 0x00000000d6100000, 0x0000000100000000)
  eden space 10240K, 0% used [0x00000000d5580000,0x00000000d5580000,0x00000000d5f80000)
  from space 512K, 62% used [0x00000000d6080000,0x00000000d60d0000,0x00000000d6100000)
  to   space 512K, 0% used [0x00000000d6000000,0x00000000d6000000,0x00000000d6080000)
 ParOldGen       total 847360K, used 846918K [0x0000000080000000, 0x00000000b3b80000, 0x00000000d5580000)
  object space 847360K, 99% used [0x0000000080000000,0x00000000b3b119d8,0x00000000b3b80000)
 Metaspace       used 74105K, committed 75648K, reserved 1179648K
  class space    used 7906K, committed 8512K, reserved 1048576K
}
Event: 194.270 GC heap before
{Heap before GC invocations=996 (full 3):
 PSYoungGen      total 10752K, used 10560K [0x00000000d5580000, 0x00000000d6100000, 0x0000000100000000)
  eden space 10240K, 100% used [0x00000000d5580000,0x00000000d5f80000,0x00000000d5f80000)
  from space 512K, 62% used [0x00000000d6080000,0x00000000d60d0000,0x00000000d6100000)
  to   space 512K, 0% used [0x00000000d6000000,0x00000000d6000000,0x00000000d6080000)
 ParOldGen       total 847360K, used 846918K [0x0000000080000000, 0x00000000b3b80000, 0x00000000d5580000)
  object space 847360K, 99% used [0x0000000080000000,0x00000000b3b119d8,0x00000000b3b80000)
 Metaspace       used 74105K, committed 75648K, reserved 1179648K
  class space    used 7906K, committed 8512K, reserved 1048576K
}
Event: 194.274 GC heap after
{Heap after GC invocations=996 (full 3):
 PSYoungGen      total 10752K, used 192K [0x00000000d5580000, 0x00000000d6100000, 0x0000000100000000)
  eden space 10240K, 0% used [0x00000000d5580000,0x00000000d5580000,0x00000000d5f80000)
  from space 512K, 37% used [0x00000000d6000000,0x00000000d6030000,0x00000000d6080000)
  to   space 512K, 0% used [0x00000000d6080000,0x00000000d6080000,0x00000000d6100000)
 ParOldGen       total 847360K, used 847174K [0x0000000080000000, 0x00000000b3b80000, 0x00000000d5580000)
  object space 847360K, 99% used [0x0000000080000000,0x00000000b3b519d8,0x00000000b3b80000)
 Metaspace       used 74105K, committed 75648K, reserved 1179648K
  class space    used 7906K, committed 8512K, reserved 1048576K
}
Event: 194.301 GC heap before
{Heap before GC invocations=997 (full 3):
 PSYoungGen      total 10752K, used 10432K [0x00000000d5580000, 0x00000000d6100000, 0x0000000100000000)
  eden space 10240K, 100% used [0x00000000d5580000,0x00000000d5f80000,0x00000000d5f80000)
  from space 512K, 37% used [0x00000000d6000000,0x00000000d6030000,0x00000000d6080000)
  to   space 512K, 0% used [0x00000000d6080000,0x00000000d6080000,0x00000000d6100000)
 ParOldGen       total 847360K, used 847174K [0x0000000080000000, 0x00000000b3b80000, 0x00000000d5580000)
  object space 847360K, 99% used [0x0000000080000000,0x00000000b3b519d8,0x00000000b3b80000)
 Metaspace       used 74109K, committed 75648K, reserved 1179648K
  class space    used 7907K, committed 8512K, reserved 1048576K
}
Event: 194.303 GC heap after
{Heap after GC invocations=997 (full 3):
 PSYoungGen      total 10752K, used 192K [0x00000000d5580000, 0x00000000d6100000, 0x0000000100000000)
  eden space 10240K, 0% used [0x00000000d5580000,0x00000000d5580000,0x00000000d5f80000)
  from space 512K, 37% used [0x00000000d6080000,0x00000000d60b0000,0x00000000d6100000)
  to   space 512K, 0% used [0x00000000d6000000,0x00000000d6000000,0x00000000d6080000)
 ParOldGen       total 847360K, used 847334K [0x0000000080000000, 0x00000000b3b80000, 0x00000000d5580000)
  object space 847360K, 99% used [0x0000000080000000,0x00000000b3b799d8,0x00000000b3b80000)
 Metaspace       used 74109K, committed 75648K, reserved 1179648K
  class space    used 7907K, committed 8512K, reserved 1048576K
}
Event: 194.449 GC heap before
{Heap before GC invocations=998 (full 3):
 PSYoungGen      total 10752K, used 10432K [0x00000000d5580000, 0x00000000d6100000, 0x0000000100000000)
  eden space 10240K, 100% used [0x00000000d5580000,0x00000000d5f80000,0x00000000d5f80000)
  from space 512K, 37% used [0x00000000d6080000,0x00000000d60b0000,0x00000000d6100000)
  to   space 512K, 0% used [0x00000000d6000000,0x00000000d6000000,0x00000000d6080000)
 ParOldGen       total 847360K, used 847334K [0x0000000080000000, 0x00000000b3b80000, 0x00000000d5580000)
  object space 847360K, 99% used [0x0000000080000000,0x00000000b3b799d8,0x00000000b3b80000)
 Metaspace       used 74200K, committed 75776K, reserved 1179648K
  class space    used 7922K, committed 8576K, reserved 1048576K
}
Event: 194.454 GC heap after
{Heap after GC invocations=998 (full 3):
 PSYoungGen      total 10752K, used 486K [0x00000000d5580000, 0x00000000d6680000, 0x0000000100000000)
  eden space 10240K, 0% used [0x00000000d5580000,0x00000000d5580000,0x00000000d5f80000)
  from space 512K, 95% used [0x00000000d6000000,0x00000000d6079b88,0x00000000d6080000)
  to   space 3584K, 0% used [0x00000000d6300000,0x00000000d6300000,0x00000000d6680000)
 ParOldGen       total 849920K, used 849566K [0x0000000080000000, 0x00000000b3e00000, 0x00000000d5580000)
  object space 849920K, 99% used [0x0000000080000000,0x00000000b3da7860,0x00000000b3e00000)
 Metaspace       used 74200K, committed 75776K, reserved 1179648K
  class space    used 7922K, committed 8576K, reserved 1048576K
}

